c:\users\161953p\desktop\spfinal\dm2122_framework\application\debug\vc120.pdb
c:\users\161953p\desktop\spfinal\dm2122_framework\application\debug\vc120.idb
c:\users\161953p\desktop\spfinal\dm2122_framework\application\debug\camera2.obj
c:\users\161953p\desktop\spfinal\dm2122_framework\application\debug\camera3.obj
c:\users\161953p\desktop\spfinal\dm2122_framework\application\debug\camera4.obj
c:\users\161953p\desktop\spfinal\dm2122_framework\application\debug\driving.obj
c:\users\161953p\desktop\spfinal\dm2122_framework\application\debug\filereading.obj
c:\users\161953p\desktop\spfinal\dm2122_framework\application\debug\platformer.obj
c:\users\161953p\desktop\spfinal\dm2122_framework\application\debug\loadobj.obj
c:\users\161953p\desktop\spfinal\dm2122_framework\application\debug\loadtga.obj
c:\users\161953p\desktop\spfinal\dm2122_framework\application\debug\main.obj
c:\users\161953p\desktop\spfinal\dm2122_framework\application\debug\mainmenu.obj
c:\users\161953p\desktop\spfinal\dm2122_framework\application\debug\mesh.obj
c:\users\161953p\desktop\spfinal\dm2122_framework\application\debug\meshbuilder.obj
c:\users\161953p\desktop\spfinal\dm2122_framework\application\debug\money.obj
c:\users\161953p\desktop\spfinal\dm2122_framework\application\debug\platformercamera.obj
c:\users\161953p\desktop\spfinal\dm2122_framework\application\debug\scenemanager.obj
c:\users\161953p\desktop\spfinal\dm2122_framework\application\debug\shader.obj
c:\users\161953p\desktop\spfinal\dm2122_framework\application\debug\shooting.obj
c:\users\161953p\desktop\spfinal\dm2122_framework\application\debug\shootingcamera.obj
c:\users\161953p\desktop\spfinal\dm2122_framework\application\debug\studioproject.obj
c:\users\161953p\desktop\spfinal\dm2122_framework\application\debug\utiity.obj
c:\users\161953p\desktop\spfinal\dm2122_framework\application\debug\application.obj
c:\users\161953p\desktop\spfinal\dm2122_framework\application\debug\camera.obj
c:\users\161953p\desktop\spfinal\dm2122_framework\debug\application.ilk
c:\users\161953p\desktop\spfinal\dm2122_framework\debug\application.exe
c:\users\161953p\desktop\spfinal\dm2122_framework\debug\application.pdb
c:\users\161953p\desktop\spfinal\dm2122_framework\application\debug\application.res
c:\users\161953p\desktop\spfinal\dm2122_framework\application\debug\application.tlog\cl.command.1.tlog
c:\users\161953p\desktop\spfinal\dm2122_framework\application\debug\application.tlog\cl.read.1.tlog
c:\users\161953p\desktop\spfinal\dm2122_framework\application\debug\application.tlog\cl.write.1.tlog
c:\users\161953p\desktop\spfinal\dm2122_framework\application\debug\application.tlog\link.command.1.tlog
c:\users\161953p\desktop\spfinal\dm2122_framework\application\debug\application.tlog\link.read.1.tlog
c:\users\161953p\desktop\spfinal\dm2122_framework\application\debug\application.tlog\link.write.1.tlog
c:\users\161953p\desktop\spfinal\dm2122_framework\application\debug\application.tlog\rc.command.1.tlog
c:\users\161953p\desktop\spfinal\dm2122_framework\application\debug\application.tlog\rc.read.1.tlog
c:\users\161953p\desktop\spfinal\dm2122_framework\application\debug\application.tlog\rc.write.1.tlog
