Build started 3/1/2017 5:07:13 PM.
     1>Project "D:\GIT_ROOT\SP2\DM2122_Framework\Application\Application.vcxproj" on node 2 (Build target(s)).
     1>ClCompile:
         C:\Program Files (x86)\Microsoft Visual Studio 12.0\VC\bin\CL.exe /c /ID:\GIT_ROOT\SP2\DM2122_Framework\\glew\include /ID:\GIT_ROOT\SP2\DM2122_Framework\\glfw\include /ID:\GIT_ROOT\SP2\DM2122_Framework\\Common\Source /ZI /nologo /W3 /WX- /Od /Oy- /D WIN32 /D _DEBUG /D _CONSOLE /D _LIB /D _UNICODE /D UNICODE /Gm /EHsc /RTC1 /MDd /GS /fp:precise /Zc:wchar_t /Zc:forScope /Fo"Debug\\" /Fd"Debug\vc120.pdb" /Gd /TP /analyze- /errorReport:prompt Source\Application.cpp Source\Camera.cpp Source\Camera2.cpp Source\Camera3.cpp Source\Camera4.cpp Source\CameraAzimuth.cpp Source\Driving.cpp Source\FileReading.cpp Source\Platformer.cpp Source\LoadOBJ.cpp Source\LoadTGA.cpp Source\main.cpp Source\MainMenu.cpp Source\Mesh.cpp Source\MeshBuilder.cpp Source\Money.cpp Source\PlatformerCamera.cpp Source\SceneManager.cpp Source\shader.cpp Source\Shooting.cpp Source\ShootingCamera.cpp Source\SP_Gabriel.cpp Source\StudioProject.cpp Source\Utiity.cpp
         Utiity.cpp
         StudioProject.cpp
     1>d:\git_root\sp2\dm2122_framework\application\source\studioproject.cpp(187): warning C4244: '+=' : conversion from 'double' to 'float', possible loss of data
     1>d:\git_root\sp2\dm2122_framework\application\source\studioproject.cpp(234): warning C4244: '+=' : conversion from 'double' to 'float', possible loss of data
     1>d:\git_root\sp2\dm2122_framework\application\source\studioproject.cpp(279): warning C4244: '-=' : conversion from 'double' to 'float', possible loss of data
     1>d:\git_root\sp2\dm2122_framework\application\source\studioproject.cpp(286): warning C4244: '+=' : conversion from 'double' to 'float', possible loss of data
     1>d:\git_root\sp2\dm2122_framework\application\source\studioproject.cpp(290): warning C4244: '+=' : conversion from 'double' to 'float', possible loss of data
     1>d:\git_root\sp2\dm2122_framework\application\source\studioproject.cpp(324): warning C4244: '=' : conversion from 'int' to 'float', possible loss of data
     1>d:\git_root\sp2\dm2122_framework\application\source\studioproject.cpp(480): warning C4305: 'argument' : truncation from 'double' to 'float'
     1>d:\git_root\sp2\dm2122_framework\application\source\studioproject.cpp(488): warning C4305: 'argument' : truncation from 'double' to 'float'
     1>d:\git_root\sp2\dm2122_framework\application\source\studioproject.cpp(581): warning C4244: 'argument' : conversion from 'int' to 'float', possible loss of data
     1>d:\git_root\sp2\dm2122_framework\application\source\studioproject.cpp(582): warning C4244: 'argument' : conversion from 'int' to 'float', possible loss of data
         SP_Gabriel.cpp
     1>d:\git_root\sp2\dm2122_framework\application\source\sp_gabriel.cpp(130): warning C4305: '=' : truncation from 'double' to 'float'
     1>d:\git_root\sp2\dm2122_framework\application\source\sp_gabriel.cpp(211): warning C4244: '=' : conversion from 'double' to 'float', possible loss of data
     1>d:\git_root\sp2\dm2122_framework\application\source\sp_gabriel.cpp(238): warning C4244: '=' : conversion from 'int' to 'float', possible loss of data
     1>d:\git_root\sp2\dm2122_framework\application\source\sp_gabriel.cpp(240): warning C4244: '=' : conversion from 'int' to 'float', possible loss of data
     1>d:\git_root\sp2\dm2122_framework\application\source\sp_gabriel.cpp(245): warning C4244: '=' : conversion from 'int' to 'float', possible loss of data
     1>d:\git_root\sp2\dm2122_framework\application\source\sp_gabriel.cpp(247): warning C4244: '=' : conversion from 'int' to 'float', possible loss of data
     1>d:\git_root\sp2\dm2122_framework\application\source\sp_gabriel.cpp(291): warning C4244: '=' : conversion from 'int' to 'float', possible loss of data
     1>d:\git_root\sp2\dm2122_framework\application\source\sp_gabriel.cpp(292): warning C4244: '=' : conversion from 'int' to 'float', possible loss of data
     1>d:\git_root\sp2\dm2122_framework\application\source\sp_gabriel.cpp(298): warning C4244: '=' : conversion from 'int' to 'float', possible loss of data
     1>d:\git_root\sp2\dm2122_framework\application\source\sp_gabriel.cpp(303): warning C4244: '=' : conversion from 'int' to 'float', possible loss of data
     1>d:\git_root\sp2\dm2122_framework\application\source\sp_gabriel.cpp(548): warning C4305: 'argument' : truncation from 'double' to 'float'
     1>d:\git_root\sp2\dm2122_framework\application\source\sp_gabriel.cpp(572): warning C4244: 'argument' : conversion from 'int' to 'float', possible loss of data
     1>d:\git_root\sp2\dm2122_framework\application\source\sp_gabriel.cpp(621): warning C4305: 'argument' : truncation from 'double' to 'float'
     1>d:\git_root\sp2\dm2122_framework\application\source\sp_gabriel.cpp(629): warning C4305: 'argument' : truncation from 'double' to 'float'
         ShootingCamera.cpp
     1>d:\git_root\sp2\dm2122_framework\application\source\shootingcamera.cpp(65): warning C4244: '=' : conversion from 'double' to 'float', possible loss of data
     1>d:\git_root\sp2\dm2122_framework\application\source\shootingcamera.cpp(66): warning C4244: '=' : conversion from 'double' to 'float', possible loss of data
     1>d:\git_root\sp2\dm2122_framework\application\source\shootingcamera.cpp(69): warning C4244: '+=' : conversion from 'double' to 'float', possible loss of data
     1>d:\git_root\sp2\dm2122_framework\application\source\shootingcamera.cpp(70): warning C4244: '+=' : conversion from 'double' to 'float', possible loss of data
     1>d:\git_root\sp2\dm2122_framework\application\source\shootingcamera.cpp(147): warning C4244: 'argument' : conversion from 'double' to 'float', possible loss of data
     1>d:\git_root\sp2\dm2122_framework\application\source\shootingcamera.cpp(152): warning C4018: '<' : signed/unsigned mismatch
     1>d:\git_root\sp2\dm2122_framework\application\source\shootingcamera.cpp(176): warning C4244: '=' : conversion from 'double' to 'float', possible loss of data
     1>d:\git_root\sp2\dm2122_framework\application\source\shootingcamera.cpp(177): warning C4244: '=' : conversion from 'double' to 'float', possible loss of data
     1>d:\git_root\sp2\dm2122_framework\application\source\shootingcamera.cpp(181): warning C4244: '=' : conversion from 'double' to 'float', possible loss of data
     1>d:\git_root\sp2\dm2122_framework\application\source\shootingcamera.cpp(182): warning C4244: '=' : conversion from 'double' to 'float', possible loss of data
     1>d:\git_root\sp2\dm2122_framework\application\source\shootingcamera.cpp(191): warning C4244: '=' : conversion from 'double' to 'float', possible loss of data
     1>d:\git_root\sp2\dm2122_framework\application\source\shootingcamera.cpp(192): warning C4244: '=' : conversion from 'double' to 'float', possible loss of data
     1>d:\git_root\sp2\dm2122_framework\application\source\shootingcamera.cpp(193): warning C4244: '=' : conversion from 'double' to 'float', possible loss of data
     1>d:\git_root\sp2\dm2122_framework\application\source\shootingcamera.cpp(194): warning C4244: '=' : conversion from 'double' to 'float', possible loss of data
     1>d:\git_root\sp2\dm2122_framework\application\source\shootingcamera.cpp(199): warning C4244: 'argument' : conversion from 'double' to 'float', possible loss of data
     1>d:\git_root\sp2\dm2122_framework\application\source\shootingcamera.cpp(204): warning C4018: '<' : signed/unsigned mismatch
     1>d:\git_root\sp2\dm2122_framework\application\source\shootingcamera.cpp(228): warning C4244: '=' : conversion from 'double' to 'float', possible loss of data
     1>d:\git_root\sp2\dm2122_framework\application\source\shootingcamera.cpp(229): warning C4244: '=' : conversion from 'double' to 'float', possible loss of data
     1>d:\git_root\sp2\dm2122_framework\application\source\shootingcamera.cpp(233): warning C4244: '=' : conversion from 'double' to 'float', possible loss of data
     1>d:\git_root\sp2\dm2122_framework\application\source\shootingcamera.cpp(234): warning C4244: '=' : conversion from 'double' to 'float', possible loss of data
     1>d:\git_root\sp2\dm2122_framework\application\source\shootingcamera.cpp(243): warning C4244: '=' : conversion from 'double' to 'float', possible loss of data
     1>d:\git_root\sp2\dm2122_framework\application\source\shootingcamera.cpp(244): warning C4244: '=' : conversion from 'double' to 'float', possible loss of data
     1>d:\git_root\sp2\dm2122_framework\application\source\shootingcamera.cpp(245): warning C4244: '=' : conversion from 'double' to 'float', possible loss of data
     1>d:\git_root\sp2\dm2122_framework\application\source\shootingcamera.cpp(246): warning C4244: '=' : conversion from 'double' to 'float', possible loss of data
     1>d:\git_root\sp2\dm2122_framework\application\source\shootingcamera.cpp(251): warning C4244: 'argument' : conversion from 'double' to 'float', possible loss of data
     1>d:\git_root\sp2\dm2122_framework\application\source\shootingcamera.cpp(256): warning C4018: '<' : signed/unsigned mismatch
     1>d:\git_root\sp2\dm2122_framework\application\source\shootingcamera.cpp(280): warning C4244: '=' : conversion from 'double' to 'float', possible loss of data
     1>d:\git_root\sp2\dm2122_framework\application\source\shootingcamera.cpp(281): warning C4244: '=' : conversion from 'double' to 'float', possible loss of data
     1>d:\git_root\sp2\dm2122_framework\application\source\shootingcamera.cpp(285): warning C4244: '=' : conversion from 'double' to 'float', possible loss of data
     1>d:\git_root\sp2\dm2122_framework\application\source\shootingcamera.cpp(286): warning C4244: '=' : conversion from 'double' to 'float', possible loss of data
     1>d:\git_root\sp2\dm2122_framework\application\source\shootingcamera.cpp(295): warning C4244: '=' : conversion from 'double' to 'float', possible loss of data
     1>d:\git_root\sp2\dm2122_framework\application\source\shootingcamera.cpp(296): warning C4244: '=' : conversion from 'double' to 'float', possible loss of data
     1>d:\git_root\sp2\dm2122_framework\application\source\shootingcamera.cpp(297): warning C4244: '=' : conversion from 'double' to 'float', possible loss of data
     1>d:\git_root\sp2\dm2122_framework\application\source\shootingcamera.cpp(298): warning C4244: '=' : conversion from 'double' to 'float', possible loss of data
     1>d:\git_root\sp2\dm2122_framework\application\source\shootingcamera.cpp(303): warning C4244: 'argument' : conversion from 'double' to 'float', possible loss of data
     1>d:\git_root\sp2\dm2122_framework\application\source\shootingcamera.cpp(308): warning C4018: '<' : signed/unsigned mismatch
     1>d:\git_root\sp2\dm2122_framework\application\source\shootingcamera.cpp(332): warning C4244: '=' : conversion from 'double' to 'float', possible loss of data
     1>d:\git_root\sp2\dm2122_framework\application\source\shootingcamera.cpp(333): warning C4244: '=' : conversion from 'double' to 'float', possible loss of data
     1>d:\git_root\sp2\dm2122_framework\application\source\shootingcamera.cpp(337): warning C4244: '=' : conversion from 'double' to 'float', possible loss of data
     1>d:\git_root\sp2\dm2122_framework\application\source\shootingcamera.cpp(338): warning C4244: '=' : conversion from 'double' to 'float', possible loss of data
     1>d:\git_root\sp2\dm2122_framework\application\source\shootingcamera.cpp(347): warning C4244: '=' : conversion from 'double' to 'float', possible loss of data
     1>d:\git_root\sp2\dm2122_framework\application\source\shootingcamera.cpp(348): warning C4244: '=' : conversion from 'double' to 'float', possible loss of data
     1>d:\git_root\sp2\dm2122_framework\application\source\shootingcamera.cpp(349): warning C4244: '=' : conversion from 'double' to 'float', possible loss of data
     1>d:\git_root\sp2\dm2122_framework\application\source\shootingcamera.cpp(350): warning C4244: '=' : conversion from 'double' to 'float', possible loss of data
     1>d:\git_root\sp2\dm2122_framework\application\source\shootingcamera.cpp(423): warning C4244: 'argument' : conversion from 'double' to 'float', possible loss of data
     1>d:\git_root\sp2\dm2122_framework\application\source\shootingcamera.cpp(424): warning C4244: 'argument' : conversion from 'double' to 'float', possible loss of data
     1>d:\git_root\sp2\dm2122_framework\application\source\shootingcamera.cpp(425): warning C4244: 'argument' : conversion from 'double' to 'float', possible loss of data
     1>d:\git_root\sp2\dm2122_framework\application\source\shootingcamera.cpp(426): warning C4244: 'argument' : conversion from 'double' to 'float', possible loss of data
         Shooting.cpp
     1>d:\git_root\sp2\dm2122_framework\application\source\shooting.h(157): warning C4351: new behavior: elements of array 'Shooting::enemyRotation1' will be default initialized
     1>d:\git_root\sp2\dm2122_framework\application\source\shooting.h(172): warning C4351: new behavior: elements of array 'Shooting::moveLaser' will be default initialized
     1>d:\git_root\sp2\dm2122_framework\application\source\shooting.cpp(283): warning C4244: '+=' : conversion from 'double' to 'float', possible loss of data
     1>d:\git_root\sp2\dm2122_framework\application\source\shooting.cpp(299): warning C4244: 'argument' : conversion from 'time_t' to 'unsigned int', possible loss of data
     1>d:\git_root\sp2\dm2122_framework\application\source\shooting.cpp(320): warning C4244: 'argument' : conversion from 'double' to 'float', possible loss of data
     1>d:\git_root\sp2\dm2122_framework\application\source\shooting.cpp(348): warning C4244: 'argument' : conversion from 'double' to 'float', possible loss of data
     1>d:\git_root\sp2\dm2122_framework\application\source\shooting.cpp(364): warning C4244: '-=' : conversion from 'double' to 'float', possible loss of data
     1>d:\git_root\sp2\dm2122_framework\application\source\shooting.cpp(368): warning C4244: '-=' : conversion from 'double' to 'float', possible loss of data
     1>d:\git_root\sp2\dm2122_framework\application\source\shooting.cpp(384): warning C4244: 'argument' : conversion from 'double' to 'float', possible loss of data
     1>d:\git_root\sp2\dm2122_framework\application\source\shooting.cpp(390): warning C4244: '-=' : conversion from 'double' to 'float', possible loss of data
     1>d:\git_root\sp2\dm2122_framework\application\source\shooting.cpp(394): warning C4244: '-=' : conversion from 'double' to 'float', possible loss of data
     1>d:\git_root\sp2\dm2122_framework\application\source\shooting.cpp(418): warning C4244: '=' : conversion from 'double' to 'float', possible loss of data
     1>d:\git_root\sp2\dm2122_framework\application\source\shooting.cpp(517): warning C4018: '<' : signed/unsigned mismatch
     1>d:\git_root\sp2\dm2122_framework\application\source\shooting.cpp(554): warning C4244: '=' : conversion from 'double' to 'float', possible loss of data
     1>d:\git_root\sp2\dm2122_framework\application\source\shooting.cpp(568): warning C4018: '<' : signed/unsigned mismatch
     1>d:\git_root\sp2\dm2122_framework\application\source\shooting.cpp(596): warning C4244: '=' : conversion from 'double' to 'float', possible loss of data
     1>d:\git_root\sp2\dm2122_framework\application\source\shooting.cpp(606): warning C4244: '+=' : conversion from 'double' to 'float', possible loss of data
     1>d:\git_root\sp2\dm2122_framework\application\source\shooting.cpp(650): warning C4244: 'argument' : conversion from 'time_t' to 'unsigned int', possible loss of data
     1>d:\git_root\sp2\dm2122_framework\application\source\shooting.cpp(667): warning C4244: '+=' : conversion from 'double' to 'float', possible loss of data
     1>d:\git_root\sp2\dm2122_framework\application\source\shooting.cpp(695): warning C4244: 'argument' : conversion from 'double' to 'float', possible loss of data
     1>d:\git_root\sp2\dm2122_framework\application\source\shooting.cpp(766): warning C4305: 'argument' : truncation from 'double' to 'float'
     1>d:\git_root\sp2\dm2122_framework\application\source\shooting.cpp(836): warning C4305: 'argument' : truncation from 'double' to 'float'
     1>d:\git_root\sp2\dm2122_framework\application\source\shooting.cpp(838): warning C4305: 'argument' : truncation from 'double' to 'float'
     1>d:\git_root\sp2\dm2122_framework\application\source\shooting.cpp(973): warning C4305: 'argument' : truncation from 'double' to 'float'
     1>d:\git_root\sp2\dm2122_framework\application\source\shooting.cpp(981): warning C4305: 'argument' : truncation from 'double' to 'float'
     1>d:\git_root\sp2\dm2122_framework\application\source\shooting.cpp(1076): warning C4244: 'argument' : conversion from 'int' to 'float', possible loss of data
     1>d:\git_root\sp2\dm2122_framework\application\source\shooting.cpp(1077): warning C4244: 'argument' : conversion from 'int' to 'float', possible loss of data
         shader.cpp
         SceneManager.cpp
     1>d:\git_root\sp2\dm2122_framework\application\source\shooting.h(157): warning C4351: new behavior: elements of array 'Shooting::enemyRotation1' will be default initialized
     1>d:\git_root\sp2\dm2122_framework\application\source\shooting.h(172): warning C4351: new behavior: elements of array 'Shooting::moveLaser' will be default initialized
     1>d:\git_root\sp2\dm2122_framework\application\source\driving.h(138): warning C4351: new behavior: elements of array 'Driving::enemyRotation' will be default initialized
         PlatformerCamera.cpp
     1>d:\git_root\sp2\dm2122_framework\application\source\platformercamera.cpp(51): warning C4244: '=' : conversion from 'double' to 'float', possible loss of data
     1>d:\git_root\sp2\dm2122_framework\application\source\platformercamera.cpp(52): warning C4244: '=' : conversion from 'double' to 'float', possible loss of data
     1>d:\git_root\sp2\dm2122_framework\application\source\platformercamera.cpp(143): warning C4305: '=' : truncation from 'double' to 'float'
     1>d:\git_root\sp2\dm2122_framework\application\source\platformercamera.cpp(145): warning C4305: '=' : truncation from 'double' to 'float'
         Money.cpp
         MeshBuilder.cpp
     1>d:\git_root\sp2\dm2122_framework\application\source\meshbuilder.cpp(210): warning C4018: '<' : signed/unsigned mismatch
     1>d:\git_root\sp2\dm2122_framework\application\source\meshbuilder.cpp(258): warning C4244: 'argument' : conversion from 'double' to 'float', possible loss of data
     1>d:\git_root\sp2\dm2122_framework\application\source\meshbuilder.cpp(263): warning C4244: 'argument' : conversion from 'double' to 'float', possible loss of data
     1>d:\git_root\sp2\dm2122_framework\application\source\meshbuilder.cpp(311): warning C4244: 'argument' : conversion from 'double' to 'float', possible loss of data
     1>d:\git_root\sp2\dm2122_framework\application\source\meshbuilder.cpp(316): warning C4244: 'argument' : conversion from 'double' to 'float', possible loss of data
     1>d:\git_root\sp2\dm2122_framework\application\source\meshbuilder.cpp(353): warning C4018: '<' : signed/unsigned mismatch
     1>d:\git_root\sp2\dm2122_framework\application\source\meshbuilder.cpp(408): warning C4018: '<' : signed/unsigned mismatch
     1>d:\git_root\sp2\dm2122_framework\application\source\meshbuilder.cpp(423): warning C4018: '<' : signed/unsigned mismatch
     1>d:\git_root\sp2\dm2122_framework\application\source\meshbuilder.cpp(437): warning C4018: '<' : signed/unsigned mismatch
         Mesh.cpp
         MainMenu.cpp
     1>c:\program files (x86)\windows kits\8.1\include\shared\minwindef.h(130): warning C4005: 'APIENTRY' : macro redefinition
                 d:\git_root\sp2\dm2122_framework\glfw\include\glfw\glfw3.h(92) : see previous definition of 'APIENTRY'
     1>d:\git_root\sp2\dm2122_framework\application\source\mainmenu.cpp(184): warning C4244: '+=' : conversion from 'double' to 'float', possible loss of data
     1>d:\git_root\sp2\dm2122_framework\application\source\mainmenu.cpp(185): warning C4244: '+=' : conversion from 'double' to 'float', possible loss of data
     1>d:\git_root\sp2\dm2122_framework\application\source\mainmenu.cpp(365): warning C4305: 'argument' : truncation from 'double' to 'float'
     1>d:\git_root\sp2\dm2122_framework\application\source\mainmenu.cpp(373): warning C4305: 'argument' : truncation from 'double' to 'float'
     1>d:\git_root\sp2\dm2122_framework\application\source\mainmenu.cpp(466): warning C4244: 'argument' : conversion from 'int' to 'float', possible loss of data
     1>d:\git_root\sp2\dm2122_framework\application\source\mainmenu.cpp(467): warning C4244: 'argument' : conversion from 'int' to 'float', possible loss of data
         main.cpp
         LoadTGA.cpp
         LoadOBJ.cpp
         Platformer.cpp
     1>d:\git_root\sp2\dm2122_framework\application\source\platformer.cpp(260): warning C4305: 'argument' : truncation from 'double' to 'float'
     1>d:\git_root\sp2\dm2122_framework\application\source\platformer.cpp(267): warning C4305: 'argument' : truncation from 'double' to 'float'
     1>d:\git_root\sp2\dm2122_framework\application\source\platformer.cpp(274): warning C4305: 'argument' : truncation from 'double' to 'float'
     1>d:\git_root\sp2\dm2122_framework\application\source\platformer.cpp(281): warning C4305: 'argument' : truncation from 'double' to 'float'
     1>d:\git_root\sp2\dm2122_framework\application\source\platformer.cpp(287): warning C4305: 'argument' : truncation from 'double' to 'float'
     1>d:\git_root\sp2\dm2122_framework\application\source\platformer.cpp(295): warning C4305: 'argument' : truncation from 'double' to 'float'
     1>d:\git_root\sp2\dm2122_framework\application\source\platformer.cpp(387): warning C4244: 'argument' : conversion from 'int' to 'float', possible loss of data
     1>d:\git_root\sp2\dm2122_framework\application\source\platformer.cpp(388): warning C4244: 'argument' : conversion from 'int' to 'float', possible loss of data
     1>d:\git_root\sp2\dm2122_framework\application\source\platformer.cpp(466): warning C4244: 'argument' : conversion from 'time_t' to 'unsigned int', possible loss of data
     1>d:\git_root\sp2\dm2122_framework\application\source\platformer.cpp(471): warning C4244: 'argument' : conversion from 'int' to 'float', possible loss of data
     1>d:\git_root\sp2\dm2122_framework\application\source\platformer.cpp(472): warning C4244: 'argument' : conversion from 'double' to 'float', possible loss of data
     1>d:\git_root\sp2\dm2122_framework\application\source\platformer.cpp(473): warning C4244: 'argument' : conversion from 'double' to 'float', possible loss of data
     1>d:\git_root\sp2\dm2122_framework\application\source\platformer.cpp(533): warning C4244: 'argument' : conversion from 'int' to 'float', possible loss of data
     1>d:\git_root\sp2\dm2122_framework\application\source\platformer.cpp(533): warning C4244: 'argument' : conversion from 'double' to 'float', possible loss of data
     1>d:\git_root\sp2\dm2122_framework\application\source\platformer.cpp(534): warning C4244: 'argument' : conversion from 'double' to 'float', possible loss of data
     1>d:\git_root\sp2\dm2122_framework\application\source\platformer.cpp(535): warning C4244: 'argument' : conversion from 'double' to 'float', possible loss of data
     1>d:\git_root\sp2\dm2122_framework\application\source\platformer.cpp(539): warning C4244: 'argument' : conversion from 'int' to 'float', possible loss of data
     1>d:\git_root\sp2\dm2122_framework\application\source\platformer.cpp(540): warning C4244: 'argument' : conversion from 'double' to 'float', possible loss of data
     1>d:\git_root\sp2\dm2122_framework\application\source\platformer.cpp(541): warning C4244: 'argument' : conversion from 'double' to 'float', possible loss of data
     1>d:\git_root\sp2\dm2122_framework\application\source\platformer.cpp(545): warning C4244: 'argument' : conversion from 'int' to 'float', possible loss of data
     1>d:\git_root\sp2\dm2122_framework\application\source\platformer.cpp(545): warning C4244: 'argument' : conversion from 'double' to 'float', possible loss of data
     1>d:\git_root\sp2\dm2122_framework\application\source\platformer.cpp(546): warning C4244: 'argument' : conversion from 'double' to 'float', possible loss of data
     1>d:\git_root\sp2\dm2122_framework\application\source\platformer.cpp(547): warning C4244: 'argument' : conversion from 'double' to 'float', possible loss of data
     1>d:\git_root\sp2\dm2122_framework\application\source\platformer.cpp(556): warning C4244: 'argument' : conversion from 'int' to 'float', possible loss of data
     1>d:\git_root\sp2\dm2122_framework\application\source\platformer.cpp(556): warning C4244: 'argument' : conversion from 'double' to 'float', possible loss of data
     1>d:\git_root\sp2\dm2122_framework\application\source\platformer.cpp(557): warning C4244: 'argument' : conversion from 'double' to 'float', possible loss of data
     1>d:\git_root\sp2\dm2122_framework\application\source\platformer.cpp(558): warning C4244: 'argument' : conversion from 'double' to 'float', possible loss of data
     1>d:\git_root\sp2\dm2122_framework\application\source\platformer.cpp(565): warning C4244: 'argument' : conversion from 'int' to 'float', possible loss of data
     1>d:\git_root\sp2\dm2122_framework\application\source\platformer.cpp(566): warning C4244: 'argument' : conversion from 'double' to 'float', possible loss of data
     1>d:\git_root\sp2\dm2122_framework\application\source\platformer.cpp(567): warning C4244: 'argument' : conversion from 'double' to 'float', possible loss of data
     1>d:\git_root\sp2\dm2122_framework\application\source\platformer.cpp(576): warning C4244: 'argument' : conversion from 'int' to 'float', possible loss of data
     1>d:\git_root\sp2\dm2122_framework\application\source\platformer.cpp(576): warning C4244: 'argument' : conversion from 'double' to 'float', possible loss of data
     1>d:\git_root\sp2\dm2122_framework\application\source\platformer.cpp(577): warning C4244: 'argument' : conversion from 'double' to 'float', possible loss of data
     1>d:\git_root\sp2\dm2122_framework\application\source\platformer.cpp(578): warning C4244: 'argument' : conversion from 'double' to 'float', possible loss of data
     1>d:\git_root\sp2\dm2122_framework\application\source\platformer.cpp(585): warning C4244: 'argument' : conversion from 'int' to 'float', possible loss of data
     1>d:\git_root\sp2\dm2122_framework\application\source\platformer.cpp(585): warning C4244: 'argument' : conversion from 'double' to 'float', possible loss of data
     1>d:\git_root\sp2\dm2122_framework\application\source\platformer.cpp(586): warning C4244: 'argument' : conversion from 'double' to 'float', possible loss of data
     1>d:\git_root\sp2\dm2122_framework\application\source\platformer.cpp(587): warning C4244: 'argument' : conversion from 'double' to 'float', possible loss of data
     1>d:\git_root\sp2\dm2122_framework\application\source\platformer.cpp(613): warning C4244: 'argument' : conversion from 'int' to 'float', possible loss of data
     1>d:\git_root\sp2\dm2122_framework\application\source\platformer.cpp(614): warning C4244: 'argument' : conversion from 'double' to 'float', possible loss of data
     1>d:\git_root\sp2\dm2122_framework\application\source\platformer.cpp(615): warning C4244: 'argument' : conversion from 'double' to 'float', possible loss of data
     1>d:\git_root\sp2\dm2122_framework\application\source\platformer.cpp(631): warning C4244: 'argument' : conversion from 'int' to 'float', possible loss of data
     1>d:\git_root\sp2\dm2122_framework\application\source\platformer.cpp(631): warning C4244: 'argument' : conversion from 'double' to 'float', possible loss of data
     1>d:\git_root\sp2\dm2122_framework\application\source\platformer.cpp(638): warning C4244: 'argument' : conversion from 'int' to 'float', possible loss of data
     1>d:\git_root\sp2\dm2122_framework\application\source\platformer.cpp(647): warning C4244: 'argument' : conversion from 'int' to 'float', possible loss of data
     1>d:\git_root\sp2\dm2122_framework\application\source\platformer.cpp(647): warning C4244: 'argument' : conversion from 'double' to 'float', possible loss of data
     1>d:\git_root\sp2\dm2122_framework\application\source\platformer.cpp(656): warning C4244: 'argument' : conversion from 'int' to 'float', possible loss of data
     1>d:\git_root\sp2\dm2122_framework\application\source\platformer.cpp(665): warning C4244: 'argument' : conversion from 'int' to 'float', possible loss of data
     1>d:\git_root\sp2\dm2122_framework\application\source\platformer.cpp(665): warning C4244: 'argument' : conversion from 'double' to 'float', possible loss of data
     1>d:\git_root\sp2\dm2122_framework\application\source\platformer.cpp(673): warning C4244: 'argument' : conversion from 'int' to 'float', possible loss of data
     1>d:\git_root\sp2\dm2122_framework\application\source\platformer.cpp(687): warning C4244: 'argument' : conversion from 'double' to 'float', possible loss of data
         FileReading.cpp
         Driving.cpp
     1>d:\git_root\sp2\dm2122_framework\application\source\driving.h(138): warning C4351: new behavior: elements of array 'Driving::enemyRotation' will be default initialized
     1>d:\git_root\sp2\dm2122_framework\application\source\driving.cpp(260): warning C4244: 'argument' : conversion from 'double' to 'float', possible loss of data
     1>d:\git_root\sp2\dm2122_framework\application\source\driving.cpp(262): warning C4244: 'argument' : conversion from 'double' to 'float', possible loss of data
     1>d:\git_root\sp2\dm2122_framework\application\source\driving.cpp(277): warning C4244: '-=' : conversion from 'double' to 'float', possible loss of data
     1>d:\git_root\sp2\dm2122_framework\application\source\driving.cpp(281): warning C4244: '-=' : conversion from 'double' to 'float', possible loss of data
     1>d:\git_root\sp2\dm2122_framework\application\source\driving.cpp(286): warning C4244: 'argument' : conversion from 'double' to 'float', possible loss of data
     1>d:\git_root\sp2\dm2122_framework\application\source\driving.cpp(319): warning C4244: 'argument' : conversion from 'double' to 'float', possible loss of data
     1>d:\git_root\sp2\dm2122_framework\application\source\driving.cpp(325): warning C4244: '-=' : conversion from 'double' to 'float', possible loss of data
     1>d:\git_root\sp2\dm2122_framework\application\source\driving.cpp(329): warning C4244: '-=' : conversion from 'double' to 'float', possible loss of data
     1>d:\git_root\sp2\dm2122_framework\application\source\driving.cpp(352): warning C4305: '+=' : truncation from 'double' to 'float'
     1>d:\git_root\sp2\dm2122_framework\application\source\driving.cpp(436): warning C4244: '=' : conversion from 'double' to 'float', possible loss of data
     1>d:\git_root\sp2\dm2122_framework\application\source\driving.cpp(656): warning C4305: 'argument' : truncation from 'double' to 'float'
     1>d:\git_root\sp2\dm2122_framework\application\source\driving.cpp(750): warning C4244: 'argument' : conversion from 'int' to 'float', possible loss of data
     1>d:\git_root\sp2\dm2122_framework\application\source\driving.cpp(751): warning C4244: 'argument' : conversion from 'int' to 'float', possible loss of data
         CameraAzimuth.cpp
     1>d:\git_root\sp2\dm2122_framework\application\source\cameraazimuth.cpp(75): warning C4244: 'initializing' : conversion from 'double' to 'float', possible loss of data
     1>d:\git_root\sp2\dm2122_framework\application\source\cameraazimuth.cpp(83): warning C4244: 'initializing' : conversion from 'double' to 'float', possible loss of data
     1>d:\git_root\sp2\dm2122_framework\application\source\cameraazimuth.cpp(107): warning C4244: 'argument' : conversion from 'double' to 'float', possible loss of data
     1>d:\git_root\sp2\dm2122_framework\application\source\cameraazimuth.cpp(111): warning C4244: 'argument' : conversion from 'double' to 'float', possible loss of data
         Camera4.cpp
     1>d:\git_root\sp2\dm2122_framework\application\source\camera4.cpp(96): warning C4018: '<' : signed/unsigned mismatch
     1>d:\git_root\sp2\dm2122_framework\application\source\camera4.cpp(98): warning C4244: 'argument' : conversion from 'double' to 'float', possible loss of data
     1>d:\git_root\sp2\dm2122_framework\application\source\camera4.cpp(111): warning C4244: 'argument' : conversion from 'double' to 'float', possible loss of data
     1>d:\git_root\sp2\dm2122_framework\application\source\camera4.cpp(127): warning C4018: '<' : signed/unsigned mismatch
     1>d:\git_root\sp2\dm2122_framework\application\source\camera4.cpp(129): warning C4244: 'argument' : conversion from 'double' to 'float', possible loss of data
     1>d:\git_root\sp2\dm2122_framework\application\source\camera4.cpp(142): warning C4244: 'argument' : conversion from 'double' to 'float', possible loss of data
     1>d:\git_root\sp2\dm2122_framework\application\source\camera4.cpp(152): warning C4018: '<' : signed/unsigned mismatch
     1>d:\git_root\sp2\dm2122_framework\application\source\camera4.cpp(167): warning C4244: 'argument' : conversion from 'double' to 'float', possible loss of data
     1>d:\git_root\sp2\dm2122_framework\application\source\camera4.cpp(175): warning C4018: '<' : signed/unsigned mismatch
     1>d:\git_root\sp2\dm2122_framework\application\source\camera4.cpp(190): warning C4244: 'argument' : conversion from 'double' to 'float', possible loss of data
         Generating Code...
         Compiling...
         Camera3.cpp
     1>d:\git_root\sp2\dm2122_framework\application\source\camera3.cpp(69): warning C4244: '=' : conversion from 'double' to 'float', possible loss of data
     1>d:\git_root\sp2\dm2122_framework\application\source\camera3.cpp(70): warning C4244: '=' : conversion from 'double' to 'float', possible loss of data
     1>d:\git_root\sp2\dm2122_framework\application\source\camera3.cpp(73): warning C4244: '+=' : conversion from 'double' to 'float', possible loss of data
     1>d:\git_root\sp2\dm2122_framework\application\source\camera3.cpp(154): warning C4244: 'argument' : conversion from 'double' to 'float', possible loss of data
     1>d:\git_root\sp2\dm2122_framework\application\source\camera3.cpp(175): warning C4244: '=' : conversion from 'double' to 'float', possible loss of data
     1>d:\git_root\sp2\dm2122_framework\application\source\camera3.cpp(176): warning C4244: '=' : conversion from 'double' to 'float', possible loss of data
     1>d:\git_root\sp2\dm2122_framework\application\source\camera3.cpp(180): warning C4244: '=' : conversion from 'double' to 'float', possible loss of data
     1>d:\git_root\sp2\dm2122_framework\application\source\camera3.cpp(181): warning C4244: '=' : conversion from 'double' to 'float', possible loss of data
     1>d:\git_root\sp2\dm2122_framework\application\source\camera3.cpp(186): warning C4244: '=' : conversion from 'double' to 'float', possible loss of data
     1>d:\git_root\sp2\dm2122_framework\application\source\camera3.cpp(187): warning C4244: '=' : conversion from 'double' to 'float', possible loss of data
     1>d:\git_root\sp2\dm2122_framework\application\source\camera3.cpp(188): warning C4244: '=' : conversion from 'double' to 'float', possible loss of data
     1>d:\git_root\sp2\dm2122_framework\application\source\camera3.cpp(189): warning C4244: '=' : conversion from 'double' to 'float', possible loss of data
     1>d:\git_root\sp2\dm2122_framework\application\source\camera3.cpp(195): warning C4244: 'argument' : conversion from 'double' to 'float', possible loss of data
     1>d:\git_root\sp2\dm2122_framework\application\source\camera3.cpp(216): warning C4244: '=' : conversion from 'double' to 'float', possible loss of data
     1>d:\git_root\sp2\dm2122_framework\application\source\camera3.cpp(217): warning C4244: '=' : conversion from 'double' to 'float', possible loss of data
     1>d:\git_root\sp2\dm2122_framework\application\source\camera3.cpp(221): warning C4244: '=' : conversion from 'double' to 'float', possible loss of data
     1>d:\git_root\sp2\dm2122_framework\application\source\camera3.cpp(222): warning C4244: '=' : conversion from 'double' to 'float', possible loss of data
     1>d:\git_root\sp2\dm2122_framework\application\source\camera3.cpp(227): warning C4244: '=' : conversion from 'double' to 'float', possible loss of data
     1>d:\git_root\sp2\dm2122_framework\application\source\camera3.cpp(228): warning C4244: '=' : conversion from 'double' to 'float', possible loss of data
     1>d:\git_root\sp2\dm2122_framework\application\source\camera3.cpp(229): warning C4244: '=' : conversion from 'double' to 'float', possible loss of data
     1>d:\git_root\sp2\dm2122_framework\application\source\camera3.cpp(230): warning C4244: '=' : conversion from 'double' to 'float', possible loss of data
     1>d:\git_root\sp2\dm2122_framework\application\source\camera3.cpp(236): warning C4244: 'argument' : conversion from 'double' to 'float', possible loss of data
     1>d:\git_root\sp2\dm2122_framework\application\source\camera3.cpp(257): warning C4244: '=' : conversion from 'double' to 'float', possible loss of data
     1>d:\git_root\sp2\dm2122_framework\application\source\camera3.cpp(258): warning C4244: '=' : conversion from 'double' to 'float', possible loss of data
     1>d:\git_root\sp2\dm2122_framework\application\source\camera3.cpp(262): warning C4244: '=' : conversion from 'double' to 'float', possible loss of data
     1>d:\git_root\sp2\dm2122_framework\application\source\camera3.cpp(263): warning C4244: '=' : conversion from 'double' to 'float', possible loss of data
     1>d:\git_root\sp2\dm2122_framework\application\source\camera3.cpp(268): warning C4244: '=' : conversion from 'double' to 'float', possible loss of data
     1>d:\git_root\sp2\dm2122_framework\application\source\camera3.cpp(269): warning C4244: '=' : conversion from 'double' to 'float', possible loss of data
     1>d:\git_root\sp2\dm2122_framework\application\source\camera3.cpp(270): warning C4244: '=' : conversion from 'double' to 'float', possible loss of data
     1>d:\git_root\sp2\dm2122_framework\application\source\camera3.cpp(271): warning C4244: '=' : conversion from 'double' to 'float', possible loss of data
     1>d:\git_root\sp2\dm2122_framework\application\source\camera3.cpp(277): warning C4244: 'argument' : conversion from 'double' to 'float', possible loss of data
     1>d:\git_root\sp2\dm2122_framework\application\source\camera3.cpp(298): warning C4244: '=' : conversion from 'double' to 'float', possible loss of data
     1>d:\git_root\sp2\dm2122_framework\application\source\camera3.cpp(299): warning C4244: '=' : conversion from 'double' to 'float', possible loss of data
     1>d:\git_root\sp2\dm2122_framework\application\source\camera3.cpp(303): warning C4244: '=' : conversion from 'double' to 'float', possible loss of data
     1>d:\git_root\sp2\dm2122_framework\application\source\camera3.cpp(304): warning C4244: '=' : conversion from 'double' to 'float', possible loss of data
     1>d:\git_root\sp2\dm2122_framework\application\source\camera3.cpp(309): warning C4244: '=' : conversion from 'double' to 'float', possible loss of data
     1>d:\git_root\sp2\dm2122_framework\application\source\camera3.cpp(310): warning C4244: '=' : conversion from 'double' to 'float', possible loss of data
     1>d:\git_root\sp2\dm2122_framework\application\source\camera3.cpp(311): warning C4244: '=' : conversion from 'double' to 'float', possible loss of data
     1>d:\git_root\sp2\dm2122_framework\application\source\camera3.cpp(312): warning C4244: '=' : conversion from 'double' to 'float', possible loss of data
         Camera2.cpp
     1>d:\git_root\sp2\dm2122_framework\application\source\camera2.cpp(71): warning C4244: '+=' : conversion from 'double' to 'float', possible loss of data
     1>d:\git_root\sp2\dm2122_framework\application\source\camera2.cpp(75): warning C4244: '-=' : conversion from 'double' to 'float', possible loss of data
     1>d:\git_root\sp2\dm2122_framework\application\source\camera2.cpp(79): warning C4244: '-=' : conversion from 'double' to 'float', possible loss of data
     1>d:\git_root\sp2\dm2122_framework\application\source\camera2.cpp(83): warning C4244: '+=' : conversion from 'double' to 'float', possible loss of data
     1>d:\git_root\sp2\dm2122_framework\application\source\camera2.cpp(89): warning C4244: 'argument' : conversion from 'double' to 'float', possible loss of data
     1>d:\git_root\sp2\dm2122_framework\application\source\camera2.cpp(93): warning C4244: 'argument' : conversion from 'double' to 'float', possible loss of data
         Camera.cpp
         Application.cpp
     1>d:\git_root\sp2\dm2122_framework\application\source\sptest.h(121): warning C4351: new behavior: elements of array 'SPTest::enemyRotation1' will be default initialized
     1>d:\git_root\sp2\dm2122_framework\application\source\sptest.h(122): warning C4351: new behavior: elements of array 'SPTest::enemyRotation2' will be default initialized
     1>d:\git_root\sp2\dm2122_framework\application\source\shooting.h(157): warning C4351: new behavior: elements of array 'Shooting::enemyRotation1' will be default initialized
     1>d:\git_root\sp2\dm2122_framework\application\source\shooting.h(172): warning C4351: new behavior: elements of array 'Shooting::moveLaser' will be default initialized
     1>d:\git_root\sp2\dm2122_framework\application\source\driving.h(138): warning C4351: new behavior: elements of array 'Driving::enemyRotation' will be default initialized
     1>d:\git_root\sp2\dm2122_framework\application\source\application.cpp(119): warning C4244: 'argument' : conversion from 'double' to 'float', possible loss of data
         Generating Code...
       ResourceCompile:
         C:\Program Files (x86)\Windows Kits\8.1\bin\x86\rc.exe /D _UNICODE /D UNICODE /l"0x0409" /nologo /fo"Debug\Application.res" Application.rc 
       Link:
         C:\Program Files (x86)\Microsoft Visual Studio 12.0\VC\bin\link.exe /ERRORREPORT:PROMPT /OUT:"D:\GIT_ROOT\SP2\DM2122_Framework\Debug\Application.exe" /INCREMENTAL /NOLOGO /LIBPATH:D:\GIT_ROOT\SP2\DM2122_Framework\\glew\lib /LIBPATH:"D:\GIT_ROOT\SP2\DM2122_Framework\\glfw\lib-msvc120" /LIBPATH:D:\GIT_ROOT\SP2\DM2122_Framework\Debug glew32.lib glfw3.lib opengl32.lib winmm.lib Common.lib kernel32.lib user32.lib gdi32.lib winspool.lib comdlg32.lib advapi32.lib shell32.lib ole32.lib oleaut32.lib uuid.lib odbc32.lib odbccp32.lib /MANIFEST /MANIFESTUAC:"level='asInvoker' uiAccess='false'" /manifest:embed /DEBUG /PDB:"D:\GIT_ROOT\SP2\DM2122_Framework\Debug\Application.pdb" /SUBSYSTEM:CONSOLE /TLBID:1 /DYNAMICBASE /NXCOMPAT /IMPLIB:"D:\GIT_ROOT\SP2\DM2122_Framework\Debug\Application.lib" /MACHINE:X86 Debug\Application.res
         Debug\Application.obj
         Debug\Camera.obj
         Debug\Camera2.obj
         Debug\Camera3.obj
         Debug\Camera4.obj
         Debug\CameraAzimuth.obj
         Debug\Driving.obj
         Debug\FileReading.obj
         Debug\Platformer.obj
         Debug\LoadOBJ.obj
         Debug\LoadTGA.obj
         Debug\main.obj
         Debug\MainMenu.obj
         Debug\Mesh.obj
         Debug\MeshBuilder.obj
         Debug\Money.obj
         Debug\PlatformerCamera.obj
         Debug\SceneManager.obj
         Debug\shader.obj
         Debug\Shooting.obj
         Debug\ShootingCamera.obj
         Debug\SP_Gabriel.obj
         Debug\StudioProject.obj
         Debug\Utiity.obj
     1>LINK : warning LNK4098: defaultlib 'MSVCRT' conflicts with use of other libs; use /NODEFAULTLIB:library
         Application.vcxproj -> D:\GIT_ROOT\SP2\DM2122_Framework\Debug\Application.exe
     1>Done Building Project "D:\GIT_ROOT\SP2\DM2122_Framework\Application\Application.vcxproj" (Build target(s)).

Build succeeded.

Time Elapsed 00:00:15.29
