d:\git_root\sp2\dm2122_framework\application\release\vc120.pdb
d:\git_root\sp2\dm2122_framework\application\release\shootingcamera.obj
d:\git_root\sp2\dm2122_framework\application\release\shader.obj
d:\git_root\sp2\dm2122_framework\application\release\scenemanager.obj
d:\git_root\sp2\dm2122_framework\application\release\platformercamera.obj
d:\git_root\sp2\dm2122_framework\application\release\money.obj
d:\git_root\sp2\dm2122_framework\application\release\meshbuilder.obj
d:\git_root\sp2\dm2122_framework\application\release\mesh.obj
d:\git_root\sp2\dm2122_framework\application\release\mainmenu.obj
d:\git_root\sp2\dm2122_framework\application\release\main.obj
d:\git_root\sp2\dm2122_framework\application\release\loadtga.obj
d:\git_root\sp2\dm2122_framework\application\release\loadobj.obj
d:\git_root\sp2\dm2122_framework\application\release\platformer.obj
d:\git_root\sp2\dm2122_framework\application\release\filereading.obj
d:\git_root\sp2\dm2122_framework\application\release\driving.obj
d:\git_root\sp2\dm2122_framework\application\release\cameraazimuth.obj
d:\git_root\sp2\dm2122_framework\application\release\camera4.obj
d:\git_root\sp2\dm2122_framework\application\release\camera3.obj
d:\git_root\sp2\dm2122_framework\application\release\camera.obj
d:\git_root\sp2\dm2122_framework\application\release\application.obj
d:\git_root\sp2\dm2122_framework\application\release\utiity.obj
d:\git_root\sp2\dm2122_framework\application\release\studioproject.obj
d:\git_root\sp2\dm2122_framework\application\release\sp_gabriel.obj
d:\git_root\sp2\dm2122_framework\application\release\application.tlog\cl.command.1.tlog
d:\git_root\sp2\dm2122_framework\application\release\application.tlog\cl.read.1.tlog
d:\git_root\sp2\dm2122_framework\application\release\application.tlog\cl.write.1.tlog
