<<<<<<< HEAD
﻿Build started 3/2/2017 1:51:37 PM.
     1>Project "D:\GIT_ROOT\SP2\DM2122_Framework\Common\Common.vcxproj" on node 2 (Build target(s)).
=======
﻿Build started 2/3/2017 2:28:17 PM.
     1>Project "C:\Users\Jean\Documents\SP2\DM2122_Framework\Common\Common.vcxproj" on node 2 (Build target(s)).
>>>>>>> c09ebc182fc9e5b005e8b29a4bbf34218d6ca4bd
     1>ClCompile:
         D:\Visual Studio 2013\VC\bin\CL.exe /c /ZI /nologo /W3 /WX- /sdl /Od /Oy- /D WIN32 /D _DEBUG /D _LIB /D _UNICODE /D UNICODE /Gm /EHsc /RTC1 /MDd /GS /fp:precise /Zc:wchar_t /Zc:forScope /Fo"Debug\\" /Fd"Debug\vc120.pdb" /Gd /TP /analyze- /errorReport:prompt Source\MatrixStack.cpp Source\Mtx44.cpp Source\timer.cpp Source\Vector3.cpp
         Vector3.cpp
         timer.cpp
         Mtx44.cpp
         MatrixStack.cpp
         Generating Code...
       Lib:
         D:\Visual Studio 2013\VC\bin\Lib.exe /OUT:"C:\Users\Jean\Documents\SP2\DM2122_Framework\Debug\Common.lib" /NOLOGO Debug\MatrixStack.obj
         Debug\Mtx44.obj
         Debug\timer.obj
         Debug\Vector3.obj
         Common.vcxproj -> C:\Users\Jean\Documents\SP2\DM2122_Framework\Debug\Common.lib
     1>Done Building Project "C:\Users\Jean\Documents\SP2\DM2122_Framework\Common\Common.vcxproj" (Build target(s)).

Build succeeded.

<<<<<<< HEAD
Time Elapsed 00:00:02.31
=======
Time Elapsed 00:00:01.70
>>>>>>> c09ebc182fc9e5b005e8b29a4bbf34218d6ca4bd
